\BOOKMARK [1][-]{section*.2}{\376\377\004\023\004\065\004\075\004\065\004\100\004\060\004\102\004\070\004\062\004\075\004\113\004\065\000\040\004\074\004\076\004\064\004\065\004\073\004\070}{}% 1
\BOOKMARK [2][-]{section*.3}{\376\377\004\033\004\065\004\072\004\106\004\070\004\117\000\040\0001\000:\000\040\004\023\004\065\004\075\004\065\004\100\004\060\004\102\004\070\004\062\004\075\004\113\004\065\000\040\004\074\004\076\004\064\004\065\004\073\004\070}{section*.2}% 2
\BOOKMARK [3][-]{section*.4}{\376\377\000S\000u\000p\000e\000r\000r\000e\000s\000o\000l\000u\000t\000i\000o\000n}{section*.3}% 3
\BOOKMARK [3][-]{section*.5}{\376\377\000I\000n\000p\000a\000i\000n\000t\000i\000n\000g}{section*.3}% 4
\BOOKMARK [2][-]{section*.6}{\376\377\004\033\004\065\004\072\004\106\004\070\004\117\000\040\0002\000:\000\040\004\022\004\060\004\100\004\070\004\060\004\106\004\070\004\076\004\075\004\075\004\113\004\065\000\040\004\060\004\062\004\102\004\076\004\072\004\076\004\064\004\070\004\100\004\076\004\062\004\111\004\070\004\072\004\070}{section*.2}% 5
\BOOKMARK [2][-]{section*.7}{\376\377\004\033\004\065\004\072\004\106\004\070\004\117\000\040\0003\000:\000\040\000G\000A\000N}{section*.2}% 6
\BOOKMARK [2][-]{section*.8}{\376\377\004\033\004\065\004\072\004\106\004\070\004\117\000\040\0004\000:\000\040\004\035\004\076\004\100\004\074\004\060\004\073\004\070\004\067\004\060\004\106\004\070\004\076\004\075\004\075\004\113\004\065\000\040\004\077\004\076\004\102\004\076\004\072\004\070}{section*.2}% 7
\BOOKMARK [3][-]{section*.9}{\376\377\004\035\004\076\004\100\004\074\004\060\004\073\004\070\004\067\004\060\004\106\004\070\004\076\004\075\004\075\004\113\004\065\000\040\004\077\004\076\004\102\004\076\004\072\004\070}{section*.8}% 8
\BOOKMARK [1][-]{section*.10}{\376\377\004\036\004\061\004\100\004\060\004\061\004\076\004\102\004\072\004\060\000\040\004\067\004\062\004\103\004\072\004\060}{}% 9
\BOOKMARK [2][-]{section*.11}{\376\377\004\033\004\065\004\072\004\106\004\070\004\117\000\040\0005\000:\000\040\004\024\004\070\004\060\004\073\004\076\004\063\004\076\004\062\004\113\004\065\000\040\004\101\004\070\004\101\004\102\004\065\004\074\004\113}{section*.10}% 10
\BOOKMARK [2][-]{section*.12}{\376\377\004\022\004\076\004\077\004\100\004\076\004\101\004\075\004\076\000-\004\076\004\102\004\062\004\065\004\102\004\075\004\113\004\065\000\040\004\101\004\070\004\101\004\102\004\065\004\074\004\113\000,\000\040\004\067\004\060\004\064\004\060\004\107\004\060\000\040\000S\000Q\000u\000A\000D}{section*.10}% 11
\BOOKMARK [2][-]{section*.13}{\376\377\004\033\004\065\004\072\004\106\004\070\004\117\000\040\0006\000:\000\040\004\036\004\061\004\100\004\060\004\061\004\076\004\102\004\072\004\060\000\040\004\067\004\062\004\103\004\072\004\060}{section*.10}% 12
\BOOKMARK [2][-]{section*.14}{\376\377\000L\000i\000s\000t\000e\000n\000,\000\040\000A\000t\000t\000e\000n\000d\000,\000\040\000S\000p\000e\000l\000l}{section*.10}% 13
\BOOKMARK [2][-]{section*.15}{\376\377\004\033\004\065\004\072\004\106\004\070\004\117\000\040\0007\000:\000\040\004\036\004\061\004\100\004\060\004\061\004\076\004\102\004\072\004\060\000\040\004\067\004\062\004\103\004\072\004\060\000\040\0002}{section*.10}% 14
\BOOKMARK [2][-]{section*.16}{\376\377\000C\000o\000n\000n\000e\000c\000t\000i\000o\000n\000i\000s\000t\000\040\000T\000e\000m\000p\000o\000r\000a\000l\000\040\000C\000l\000a\000s\000s\000i\000f\000i\000c\000a\000t\000i\000o\000n}{section*.10}% 15
\BOOKMARK [2][-]{section*.17}{\376\377\000J\000a\000s\000p\000e\000r}{section*.10}% 16
\BOOKMARK [2][-]{section*.18}{\376\377\004\020\004\103\004\063\004\074\004\065\004\075\004\102\004\060\004\106\004\070\004\070}{section*.10}% 17
\BOOKMARK [2][-]{section*.19}{\376\377\004\041\004\070\004\075\004\102\004\065\004\067\004\060\004\106\004\070\004\117\000\040\004\063\004\076\004\073\004\076\004\101\004\060}{section*.10}% 18
\BOOKMARK [3][-]{section*.20}{\376\377\004\037\004\060\004\071\004\077\004\073\004\060\004\071\004\075\000\040\000T\000T\000S}{section*.19}% 19
\BOOKMARK [3][-]{section*.21}{\376\377\004\032\004\060\004\072\000\040\004\070\004\067\004\074\004\065\004\100\004\117\004\102\004\114\000\040\004\072\004\060\004\107\004\065\004\101\004\102\004\062\004\076}{section*.19}% 20
\BOOKMARK [3][-]{section*.22}{\376\377\000W\000a\000v\000e\000-\000N\000e\000t}{section*.19}% 21
\BOOKMARK [3][-]{section*.23}{\376\377\000M\000e\000l\000-\000G\000A\000N}{section*.19}% 22
\BOOKMARK [1][-]{section*.24}{\376\377\004\040\004\065\004\072\004\076\004\074\004\065\004\075\004\064\004\060\004\102\004\065\004\073\004\114\004\075\004\113\004\065\000\040\004\101\004\070\004\101\004\102\004\065\004\074\004\113}{}% 23
\BOOKMARK [2][-]{section*.25}{\376\377\004\033\004\065\004\072\004\106\004\070\004\117\000\040\0008\000:\000\040\004\040\004\065\004\072\004\076\004\074\004\065\004\075\004\064\004\060\004\102\004\065\004\073\004\114\004\075\004\113\004\065\000\040\004\101\004\070\004\101\004\102\004\065\004\074\004\113}{section*.24}% 24
\BOOKMARK [2][-]{section*.26}{\376\377\004\033\004\065\004\072\004\106\004\070\004\117\000\040\0009\000:\000\040\004\040\004\065\004\072\004\076\004\074\004\065\004\075\004\064\004\060\004\102\004\065\004\073\004\114\004\075\004\113\004\065\000\040\004\101\004\070\004\101\004\102\004\065\004\074\004\113\000\040\0002}{section*.24}% 25
\BOOKMARK [1][-]{section*.27}{\376\377\004\037\004\100\004\076\004\064\004\103\004\072\004\102\004\076\004\062\004\060\004\117\000\040\004\060\004\075\004\060\004\073\004\070\004\102\004\070\004\072\004\060}{}% 26
\BOOKMARK [2][-]{section*.28}{\376\377\004\033\004\065\004\072\004\106\004\070\004\117\000\040\0001\0000\000:\000\040\000A\000/\000B\000-\004\102\004\065\004\101\004\102\004\070\004\100\004\076\004\062\004\060\004\075\004\070\004\065}{section*.27}% 27
\BOOKMARK [2][-]{section*.29}{\376\377\004\033\004\065\004\072\004\106\004\070\004\117\000\040\0001\0001\000:\000\040\004\020\000/\000B\000\040\004\102\004\065\004\101\004\102\004\070\004\100\004\076\004\062\004\060\004\075\004\070\004\065\000\040\000\050\0002\000\051}{section*.27}% 28
\BOOKMARK [1][-]{section*.30}{\376\377\004\022\004\100\004\065\004\074\004\065\004\075\004\075\004\113\004\065\000\040\004\100\004\117\004\064\004\113}{}% 29
\BOOKMARK [2][-]{section*.31}{\376\377\004\034\004\076\004\064\004\065\004\073\004\070\000\040\004\115\004\072\004\101\004\077\004\076\004\075\004\065\004\075\004\106\004\070\004\060\004\073\004\114\004\075\004\076\004\063\004\076\000\040\004\101\004\063\004\073\004\060\004\066\004\070\004\062\004\060\004\075\004\070\004\117}{section*.30}% 30
\BOOKMARK [2][-]{section*.32}{\376\377\004\042\004\065\004\076\004\100\004\065\004\102\004\070\004\107\004\065\004\101\004\072\004\070\004\071\000\040\004\061\004\060\004\071\004\065\004\101\004\076\004\062\004\101\004\072\004\070\004\071\000\040\004\077\004\076\004\064\004\105\004\076\004\064}{section*.30}% 31
\BOOKMARK [2][-]{section*.33}{\376\377\004\046\004\065\004\077\004\070\000\040\004\034\004\060\004\100\004\072\004\076\004\062\004\060\000\040\004\062\000\040\004\061\004\060\004\071\004\065\004\101\004\076\004\062\004\101\004\072\004\076\004\074\000\040\004\077\004\076\004\064\004\105\004\076\004\064\004\065}{section*.30}% 32
\BOOKMARK [1][-]{section*.34}{\376\377\000M\000L\000O\000p\000s}{}% 33
\BOOKMARK [2][-]{section*.35}{\376\377\000B\000a\000s\000h}{section*.34}% 34
